Removed Pin From Net: NetName=Reset1 Pin=RESET-1
Removed Pin From Net: NetName=5V Pin=RESET-2
Removed Member From Class: ClassName=Sheet1 Member=RESET
Change Component Footprint: Designator=U2 Old Footprint=DIP16 New Footprint=PowerDIP-16_STM
Change Component Footprint: Designator=U1 Old Footprint=PIC18F-P40 New Footprint=PDIP40_600MC_MCH
Change component parameters: Designator = "U1" ("U1"); Footprint = "PIC18F-P40"; UniqueID = "\CIKNEDMB" ("\CIKNEDMB")
Change component parameters (AddParameter): Name = "Copyright"; Value = "Copyright (C) 2022 Ultra Librarian. All rights reserved."; VariantName = "[No Variations]"
Change component parameters (AddParameter): Name = "Manufacturer_Part_Number"; Value = "PIC18F4520-E/P"; VariantName = "[No Variations]"
Change component parameters (AddParameter): Name = "Mfr_Name"; Value = "Microchip"; VariantName = "[No Variations]"
Change component parameters (AddParameter): Name = "RefDes"; Value = "RefDes"; VariantName = "[No Variations]"
Change component parameters (AddParameter): Name = "Type"; Value = "DEV"; VariantName = "[No Variations]"
Change component parameters: Designator = "U2" ("U2"); Footprint = "DIP16"; UniqueID = "\KRJIMNBA" ("\KRJIMNBA")
Change component parameters (AddParameter): Name = "Copyright"; Value = "Copyright (C) 2022 Ultra Librarian. All rights reserved."; VariantName = "[No Variations]"
Change component parameters (AddParameter): Name = "Manufacturer_Part_Number"; Value = "L293D"; VariantName = "[No Variations]"
Change component parameters (AddParameter): Name = "Mfr_Name"; Value = "STMicroelectronics"; VariantName = "[No Variations]"
Change component parameters (AddParameter): Name = "RefDes"; Value = "RefDes"; VariantName = "[No Variations]"
Change component parameters (AddParameter): Name = "Type"; Value = "DEV"; VariantName = "[No Variations]"
Added Component: Designator=R1(SMD R1206)
Add component (AddParameter): Name = "LatestRevisionDate"; Value = "17-Jul-2002"; VariantName = "[No Variations]"
Add component (AddParameter): Name = "LatestRevisionNote"; Value = "Re-released for DXP Platform."; VariantName = "[No Variations]"
Add component (AddParameter): Name = "PackageDescription"; Value = "Axial Device, Thru-Hole; 2 Leads; 0.4 in Pin Spacing"; VariantName = "[No Variations]"
Add component (AddParameter): Name = "PackageReference"; Value = "AXIAL-0.4"; VariantName = "[No Variations]"
Add component (AddParameter): Name = "Published"; Value = "8-Jun-2000"; VariantName = "[No Variations]"
Add component (AddParameter): Name = "Publisher"; Value = "Altium Limited"; VariantName = "[No Variations]"
Add component (AddParameter): Name = "Value"; Value = "10K"; VariantName = "[No Variations]"
Added Pin To Net: NetName=Reset1 Pin=R1-1
Added Pin To Net: NetName=5V Pin=R1-2
Change Net Name : Old Net Name=5V New Net Name=VDD1
Change Net Name : Old Net Name=NetLCD1_11 New Net Name=RD0
Change Net Name : Old Net Name=NetLCD1_12 New Net Name=RD1
Change Net Name : Old Net Name=NetLCD1_13 New Net Name=RD2
Change Net Name : Old Net Name=NetLCD1_14 New Net Name=RD3
Change Net Name : Old Net Name=NetP2_1 New Net Name=Output1
Change Net Name : Old Net Name=NetP2_2 New Net Name=Output2
Change Net Name : Old Net Name=NetU1_12 New Net Name=VSS1
Change Net Name : Old Net Name=NetU1_15 New Net Name=Input1
Change Net Name : Old Net Name=NetU1_16 New Net Name=Input2
Change Net Name : Old Net Name=NetU1_17 New Net Name=Input3
Change Net Name : Old Net Name=NetU1_18 New Net Name=Input4
Added Pin To Net: NetName=OSC1 Pin=C2-1
Added Pin To Net: NetName=OSC1 Pin=U1-13
Added Pin To Net: NetName=OSC1 Pin=X1-1
Added Net: Name=OSC1
Added Pin To Net: NetName=OSC2 Pin=C1-1
Added Pin To Net: NetName=OSC2 Pin=U1-14
Added Pin To Net: NetName=OSC2 Pin=X1-2
Added Net: Name=OSC2
Added Pin To Net: NetName=Output3 Pin=P3-1
Added Pin To Net: NetName=Output3 Pin=U2-14
Added Net: Name=Output3
Added Pin To Net: NetName=Output4 Pin=P3-2
Added Pin To Net: NetName=Output4 Pin=U2-11
Added Net: Name=Output4
Added Pin To Net: NetName=RD4 Pin=LCD1-4
Added Pin To Net: NetName=RD4 Pin=U1-23
Added Net: Name=RD4
Added Pin To Net: NetName=RD5 Pin=LCD1-6
Added Pin To Net: NetName=RD5 Pin=U1-24
Added Net: Name=RD5
Change Class Name : Old Net Name=Sheet1 New Net Name=Follow Line Robot Controller Shematic
Added Member To Class: ClassName=Follow Line Robot Controller Shematic Member=Component C2 Cap Cer
Added Member To Class: ClassName=Follow Line Robot Controller Shematic Member=Component LCD1 LCD1602
Added Member To Class: ClassName=Follow Line Robot Controller Shematic Member=Component P2 Left Motor
Added Member To Class: ClassName=Follow Line Robot Controller Shematic Member=Component P3 Right Motor
Added Member To Class: ClassName=Follow Line Robot Controller Shematic Member=Component R1 RESET
Added Member To Class: ClassName=Follow Line Robot Controller Shematic Member=Component U1 PIC18F4520-E/P
Added Member To Class: ClassName=Follow Line Robot Controller Shematic Member=Component U2 L293D
Added Member To Class: ClassName=Follow Line Robot Controller Shematic Member=Component X1 4Mhz
Change Room Name: Old Name=Sheet1 New Name=Follow Line Robot Controller Shematic
Change Room Scope: Old Scope=InComponentClass('Sheet1') New Scope=InComponentClass('Follow Line Robot Controller Shematic')
