Remove Pin=U1-1 From Net=Reset1
Remove Pin=U1-11 From Net=VDD1
Remove Pin=U1-12 From Net=VSS1
Remove Pin=U1-13 From Net=OSC1
Remove Pin=U1-14 From Net=OSC2
Remove Pin=U1-15 From Net=Input1
Remove Pin=U1-16 From Net=Input2
Remove Pin=U1-17 From Net=Input3
Remove Pin=U1-18 From Net=Input4
Remove Pin=U1-19 From Net=RD0
Remove Pin=U1-20 From Net=RD1
Remove Pin=U1-21 From Net=RD2
Remove Pin=U1-22 From Net=RD3
Remove Pin=U1-23 From Net=RD4
Remove Pin=U1-24 From Net=RD5
Remove Pin=U1-31 From Net=VSS1
Remove Pin=U1-32 From Net=VDD1
Remove Pin=U1-33 From Net=IRSensor1
Remove Pin=U1-34 From Net=IRSensor2
Remove Pin=U1-35 From Net=IRSensor3
Remove Pin=U1-36 From Net=IRSensor4
Remove Pin=U2-2 From Net=Input1
Remove Pin=U2-3 From Net=Output1
Remove Pin=U2-6 From Net=Output2
Remove Pin=U2-7 From Net=Input2
Remove Pin=U2-10 From Net=Input3
Remove Pin=U2-11 From Net=Output4
Remove Pin=U2-14 From Net=Output3
Remove Pin=U2-15 From Net=Input4
