Added Component: Designator=C1(CN3)
Add component (AddParameter): Name = "Value"; Value = "22pF"; VariantName = "[No Variations]"
Added Component: Designator=C2(CN3)
Add component (AddParameter): Name = "Value"; Value = "22pF"; VariantName = "[No Variations]"
Added Component: Designator=C3(CN3)
Add component (AddParameter): Name = "Value"; Value = "100nF"; VariantName = "[No Variations]"
Added Component: Designator=LCD1(LCD1602)
Added Component: Designator=P1(HDR1X2)
Add component (AddParameter): Name = "LatestRevisionDate"; Value = "17-Jul-2002"; VariantName = "[No Variations]"
Add component (AddParameter): Name = "LatestRevisionNote"; Value = "Re-released for DXP Platform."; VariantName = "[No Variations]"
Add component (AddParameter): Name = "Publisher"; Value = "Altium Limited"; VariantName = "[No Variations]"
Added Component: Designator=P2(HDR1X2)
Add component (AddParameter): Name = "LatestRevisionDate"; Value = "17-Jul-2002"; VariantName = "[No Variations]"
Add component (AddParameter): Name = "LatestRevisionNote"; Value = "Re-released for DXP Platform."; VariantName = "[No Variations]"
Add component (AddParameter): Name = "Publisher"; Value = "Altium Limited"; VariantName = "[No Variations]"
Added Component: Designator=P3(HDR1X2)
Add component (AddParameter): Name = "LatestRevisionDate"; Value = "17-Jul-2002"; VariantName = "[No Variations]"
Add component (AddParameter): Name = "LatestRevisionNote"; Value = "Re-released for DXP Platform."; VariantName = "[No Variations]"
Add component (AddParameter): Name = "Publisher"; Value = "Altium Limited"; VariantName = "[No Variations]"
Added Component: Designator=P4(HDR1X3)
Add component (AddParameter): Name = "LatestRevisionDate"; Value = "17-Jul-2002"; VariantName = "[No Variations]"
Add component (AddParameter): Name = "LatestRevisionNote"; Value = "Re-released for DXP Platform."; VariantName = "[No Variations]"
Add component (AddParameter): Name = "Publisher"; Value = "Altium Limited"; VariantName = "[No Variations]"
Added Component: Designator=P5(HDR1X3)
Add component (AddParameter): Name = "LatestRevisionDate"; Value = "17-Jul-2002"; VariantName = "[No Variations]"
Add component (AddParameter): Name = "LatestRevisionNote"; Value = "Re-released for DXP Platform."; VariantName = "[No Variations]"
Add component (AddParameter): Name = "Publisher"; Value = "Altium Limited"; VariantName = "[No Variations]"
Added Component: Designator=P6(HDR1X3)
Add component (AddParameter): Name = "LatestRevisionDate"; Value = "17-Jul-2002"; VariantName = "[No Variations]"
Add component (AddParameter): Name = "LatestRevisionNote"; Value = "Re-released for DXP Platform."; VariantName = "[No Variations]"
Add component (AddParameter): Name = "Publisher"; Value = "Altium Limited"; VariantName = "[No Variations]"
Added Component: Designator=P7(HDR1X3)
Add component (AddParameter): Name = "LatestRevisionDate"; Value = "17-Jul-2002"; VariantName = "[No Variations]"
Add component (AddParameter): Name = "LatestRevisionNote"; Value = "Re-released for DXP Platform."; VariantName = "[No Variations]"
Add component (AddParameter): Name = "Publisher"; Value = "Altium Limited"; VariantName = "[No Variations]"
Added Component: Designator=R1(SMD R1206)
Add component (AddParameter): Name = "LatestRevisionDate"; Value = "17-Jul-2002"; VariantName = "[No Variations]"
Add component (AddParameter): Name = "LatestRevisionNote"; Value = "Re-released for DXP Platform."; VariantName = "[No Variations]"
Add component (AddParameter): Name = "PackageDescription"; Value = "Axial Device, Thru-Hole; 2 Leads; 0.4 in Pin Spacing"; VariantName = "[No Variations]"
Add component (AddParameter): Name = "PackageReference"; Value = "AXIAL-0.4"; VariantName = "[No Variations]"
Add component (AddParameter): Name = "Published"; Value = "8-Jun-2000"; VariantName = "[No Variations]"
Add component (AddParameter): Name = "Publisher"; Value = "Altium Limited"; VariantName = "[No Variations]"
Add component (AddParameter): Name = "Value"; Value = "10K"; VariantName = "[No Variations]"
Added Component: Designator=S1(DPST-4)
Add component (AddParameter): Name = "LatestRevisionDate"; Value = "17-Jul-2002"; VariantName = "[No Variations]"
Add component (AddParameter): Name = "LatestRevisionNote"; Value = "Re-released for DXP Platform."; VariantName = "[No Variations]"
Add component (AddParameter): Name = "PackageDescription"; Value = "Switch; 4 Leads"; VariantName = "[No Variations]"
Add component (AddParameter): Name = "PackageReference"; Value = "DPST-4"; VariantName = "[No Variations]"
Add component (AddParameter): Name = "Published"; Value = "24-Mar-1999"; VariantName = "[No Variations]"
Add component (AddParameter): Name = "Publisher"; Value = "Altium Limited"; VariantName = "[No Variations]"
Added Component: Designator=U1(PDIP40_600MC_MCH)
Add component (AddParameter): Name = "Copyright"; Value = "Copyright (C) 2022 Ultra Librarian. All rights reserved."; VariantName = "[No Variations]"
Add component (AddParameter): Name = "Manufacturer_Part_Number"; Value = "PIC18F4520-E/P"; VariantName = "[No Variations]"
Add component (AddParameter): Name = "Mfr_Name"; Value = "Microchip"; VariantName = "[No Variations]"
Add component (AddParameter): Name = "RefDes"; Value = "RefDes"; VariantName = "[No Variations]"
Add component (AddParameter): Name = "Type"; Value = "DEV"; VariantName = "[No Variations]"
Added Component: Designator=U2(PowerDIP-16_STM)
Add component (AddParameter): Name = "Copyright"; Value = "Copyright (C) 2022 Ultra Librarian. All rights reserved."; VariantName = "[No Variations]"
Add component (AddParameter): Name = "Manufacturer_Part_Number"; Value = "L293D"; VariantName = "[No Variations]"
Add component (AddParameter): Name = "Mfr_Name"; Value = "STMicroelectronics"; VariantName = "[No Variations]"
Add component (AddParameter): Name = "RefDes"; Value = "RefDes"; VariantName = "[No Variations]"
Add component (AddParameter): Name = "Type"; Value = "DEV"; VariantName = "[No Variations]"
Added Component: Designator=VR1(VR)
Add component (AddParameter): Name = "Value"; Value = "VR 10K"; VariantName = "[No Variations]"
Added Component: Designator=X1(XT2)
Add component (AddParameter): Name = "Value"; Value = "4Mhz"; VariantName = "[No Variations]"
Added Pin To Net: NetName=GND Pin=C1-2
Added Pin To Net: NetName=GND Pin=C2-2
Added Pin To Net: NetName=GND Pin=C3-1
Added Pin To Net: NetName=GND Pin=LCD1-1
Added Pin To Net: NetName=GND Pin=LCD1-5
Added Pin To Net: NetName=GND Pin=P1-2
Added Pin To Net: NetName=GND Pin=P4-3
Added Pin To Net: NetName=GND Pin=P5-3
Added Pin To Net: NetName=GND Pin=P6-3
Added Pin To Net: NetName=GND Pin=P7-3
Added Pin To Net: NetName=GND Pin=S1-1
Added Pin To Net: NetName=GND Pin=U2-4
Added Pin To Net: NetName=GND Pin=U2-5
Added Pin To Net: NetName=GND Pin=U2-12
Added Pin To Net: NetName=GND Pin=U2-13
Added Pin To Net: NetName=GND Pin=VR1-3
Added Net: Name=GND
Added Pin To Net: NetName=Input1 Pin=U1-15
Added Pin To Net: NetName=Input1 Pin=U2-2
Added Net: Name=Input1
Added Pin To Net: NetName=Input2 Pin=U1-16
Added Pin To Net: NetName=Input2 Pin=U2-7
Added Net: Name=Input2
Added Pin To Net: NetName=Input3 Pin=U1-17
Added Pin To Net: NetName=Input3 Pin=U2-10
Added Net: Name=Input3
Added Pin To Net: NetName=Input4 Pin=U1-18
Added Pin To Net: NetName=Input4 Pin=U2-15
Added Net: Name=Input4
Added Pin To Net: NetName=IRSensor1 Pin=P4-2
Added Pin To Net: NetName=IRSensor1 Pin=U1-33
Added Net: Name=IRSensor1
Added Pin To Net: NetName=IRSensor2 Pin=P5-2
Added Pin To Net: NetName=IRSensor2 Pin=U1-34
Added Net: Name=IRSensor2
Added Pin To Net: NetName=IRSensor3 Pin=P6-2
Added Pin To Net: NetName=IRSensor3 Pin=U1-35
Added Net: Name=IRSensor3
Added Pin To Net: NetName=IRSensor4 Pin=P7-2
Added Pin To Net: NetName=IRSensor4 Pin=U1-36
Added Net: Name=IRSensor4
Added Pin To Net: NetName=NetLCD1_3 Pin=LCD1-3
Added Pin To Net: NetName=NetLCD1_3 Pin=VR1-2
Added Net: Name=NetLCD1_3
Added Pin To Net: NetName=OSC1 Pin=C2-1
Added Pin To Net: NetName=OSC1 Pin=U1-13
Added Pin To Net: NetName=OSC1 Pin=X1-1
Added Net: Name=OSC1
Added Pin To Net: NetName=OSC2 Pin=C1-1
Added Pin To Net: NetName=OSC2 Pin=U1-14
Added Pin To Net: NetName=OSC2 Pin=X1-2
Added Net: Name=OSC2
Added Pin To Net: NetName=Output1 Pin=P2-1
Added Pin To Net: NetName=Output1 Pin=U2-3
Added Net: Name=Output1
Added Pin To Net: NetName=Output2 Pin=P2-2
Added Pin To Net: NetName=Output2 Pin=U2-6
Added Net: Name=Output2
Added Pin To Net: NetName=Output3 Pin=P3-1
Added Pin To Net: NetName=Output3 Pin=U2-14
Added Net: Name=Output3
Added Pin To Net: NetName=Output4 Pin=P3-2
Added Pin To Net: NetName=Output4 Pin=U2-11
Added Net: Name=Output4
Added Pin To Net: NetName=RD0 Pin=LCD1-11
Added Pin To Net: NetName=RD0 Pin=U1-19
Added Net: Name=RD0
Added Pin To Net: NetName=RD1 Pin=LCD1-12
Added Pin To Net: NetName=RD1 Pin=U1-20
Added Net: Name=RD1
Added Pin To Net: NetName=RD2 Pin=LCD1-13
Added Pin To Net: NetName=RD2 Pin=U1-21
Added Net: Name=RD2
Added Pin To Net: NetName=RD3 Pin=LCD1-14
Added Pin To Net: NetName=RD3 Pin=U1-22
Added Net: Name=RD3
Added Pin To Net: NetName=RD4 Pin=LCD1-4
Added Pin To Net: NetName=RD4 Pin=U1-23
Added Net: Name=RD4
Added Pin To Net: NetName=RD5 Pin=LCD1-6
Added Pin To Net: NetName=RD5 Pin=U1-24
Added Net: Name=RD5
Added Pin To Net: NetName=Reset1 Pin=R1-1
Added Pin To Net: NetName=Reset1 Pin=S1-2
Added Pin To Net: NetName=Reset1 Pin=U1-1
Added Net: Name=Reset1
Added Pin To Net: NetName=VDD1 Pin=C3-2
Added Pin To Net: NetName=VDD1 Pin=LCD1-2
Added Pin To Net: NetName=VDD1 Pin=P1-1
Added Pin To Net: NetName=VDD1 Pin=P4-1
Added Pin To Net: NetName=VDD1 Pin=P5-1
Added Pin To Net: NetName=VDD1 Pin=P6-1
Added Pin To Net: NetName=VDD1 Pin=P7-1
Added Pin To Net: NetName=VDD1 Pin=R1-2
Added Pin To Net: NetName=VDD1 Pin=U1-11
Added Pin To Net: NetName=VDD1 Pin=U1-32
Added Pin To Net: NetName=VDD1 Pin=U2-1
Added Pin To Net: NetName=VDD1 Pin=U2-8
Added Pin To Net: NetName=VDD1 Pin=U2-9
Added Pin To Net: NetName=VDD1 Pin=U2-16
Added Pin To Net: NetName=VDD1 Pin=VR1-1
Added Net: Name=VDD1
Added Pin To Net: NetName=VSS1 Pin=U1-12
Added Pin To Net: NetName=VSS1 Pin=U1-31
Added Net: Name=VSS1
Added Class: Name=Follow Line Robot Controller Shematic
Added Room: Name=Follow Line Robot Controller Shematic
