Added Component: Designator=CR1(CR_1N4007(M7)_YTS)
Add component (AddParameter): Name = "Copyright"; Value = "Copyright (C) 2022 Ultra Librarian. All rights reserved."; VariantName = "[No Variations]"
Add component (AddParameter): Name = "Manufacturer_Part_Number"; Value = "1N4007(M7)"; VariantName = "[No Variations]"
Add component (AddParameter): Name = "Mfr_Name"; Value = "UMW(Youtai Semiconductor Co., Ltd.)"; VariantName = "[No Variations]"
Add component (AddParameter): Name = "RefDes"; Value = "RefDes"; VariantName = "[No Variations]"
Add component (AddParameter): Name = "Type"; Value = "DEV"; VariantName = "[No Variations]"
Added Component: Designator=CR2(CR_1N4007(M7)_YTS)
Add component (AddParameter): Name = "Copyright"; Value = "Copyright (C) 2022 Ultra Librarian. All rights reserved."; VariantName = "[No Variations]"
Add component (AddParameter): Name = "Manufacturer_Part_Number"; Value = "1N4007(M7)"; VariantName = "[No Variations]"
Add component (AddParameter): Name = "Mfr_Name"; Value = "UMW(Youtai Semiconductor Co., Ltd.)"; VariantName = "[No Variations]"
Add component (AddParameter): Name = "RefDes"; Value = "RefDes"; VariantName = "[No Variations]"
Add component (AddParameter): Name = "Type"; Value = "DEV"; VariantName = "[No Variations]"
Added Pin To Net: NetName=3V Pin=CR1-1
Added Pin To Net: NetName=5V Pin=CR1-2
Added Pin To Net: NetName=NetD3_2 Pin=CR2-1
Change Net Name : Old Net Name=NetD3_2 New Net Name=NetCR2_1
Added Pin To Net: NetName=NetCR2_2 Pin=CR2-2
Added Pin To Net: NetName=NetCR2_2 Pin=R3-2
Added Net: Name=NetCR2_2
Added Member To Class: ClassName=Sheet1 Member=Component CR1 1N4007(M7)
Added Member To Class: ClassName=Sheet1 Member=Component CR2 1N4007(M7)
