Added Component: Designator=C1(CN3)
Add component (AddParameter): Name = "Value"; Value = "22pF"; VariantName = "[No Variations]"
Added Component: Designator=C2(CN3)
Add component (AddParameter): Name = "Value"; Value = "22pF"; VariantName = "[No Variations]"
Added Component: Designator=C3(CN3)
Add component (AddParameter): Name = "Value"; Value = "100nF"; VariantName = "[No Variations]"
Added Component: Designator=LCD1(LCD1602)
Added Component: Designator=P1(HDR1X2)
Add component (AddParameter): Name = "LatestRevisionDate"; Value = "17-Jul-2002"; VariantName = "[No Variations]"
Add component (AddParameter): Name = "LatestRevisionNote"; Value = "Re-released for DXP Platform."; VariantName = "[No Variations]"
Add component (AddParameter): Name = "Publisher"; Value = "Altium Limited"; VariantName = "[No Variations]"
Added Component: Designator=P2(HDR1X2)
Add component (AddParameter): Name = "LatestRevisionDate"; Value = "17-Jul-2002"; VariantName = "[No Variations]"
Add component (AddParameter): Name = "LatestRevisionNote"; Value = "Re-released for DXP Platform."; VariantName = "[No Variations]"
Add component (AddParameter): Name = "Publisher"; Value = "Altium Limited"; VariantName = "[No Variations]"
Added Component: Designator=P3(HDR1X2)
Add component (AddParameter): Name = "LatestRevisionDate"; Value = "17-Jul-2002"; VariantName = "[No Variations]"
Add component (AddParameter): Name = "LatestRevisionNote"; Value = "Re-released for DXP Platform."; VariantName = "[No Variations]"
Add component (AddParameter): Name = "Publisher"; Value = "Altium Limited"; VariantName = "[No Variations]"
Added Component: Designator=P4(HDR1X3)
Add component (AddParameter): Name = "LatestRevisionDate"; Value = "17-Jul-2002"; VariantName = "[No Variations]"
Add component (AddParameter): Name = "LatestRevisionNote"; Value = "Re-released for DXP Platform."; VariantName = "[No Variations]"
Add component (AddParameter): Name = "Publisher"; Value = "Altium Limited"; VariantName = "[No Variations]"
Added Component: Designator=P5(HDR1X3)
Add component (AddParameter): Name = "LatestRevisionDate"; Value = "17-Jul-2002"; VariantName = "[No Variations]"
Add component (AddParameter): Name = "LatestRevisionNote"; Value = "Re-released for DXP Platform."; VariantName = "[No Variations]"
Add component (AddParameter): Name = "Publisher"; Value = "Altium Limited"; VariantName = "[No Variations]"
Added Component: Designator=P6(HDR1X3)
Add component (AddParameter): Name = "LatestRevisionDate"; Value = "17-Jul-2002"; VariantName = "[No Variations]"
Add component (AddParameter): Name = "LatestRevisionNote"; Value = "Re-released for DXP Platform."; VariantName = "[No Variations]"
Add component (AddParameter): Name = "Publisher"; Value = "Altium Limited"; VariantName = "[No Variations]"
Added Component: Designator=P7(HDR1X3)
Add component (AddParameter): Name = "LatestRevisionDate"; Value = "17-Jul-2002"; VariantName = "[No Variations]"
Add component (AddParameter): Name = "LatestRevisionNote"; Value = "Re-released for DXP Platform."; VariantName = "[No Variations]"
Add component (AddParameter): Name = "Publisher"; Value = "Altium Limited"; VariantName = "[No Variations]"
Added Component: Designator=R1(SMD R1206)
Add component (AddParameter): Name = "LatestRevisionDate"; Value = "17-Jul-2002"; VariantName = "[No Variations]"
Add component (AddParameter): Name = "LatestRevisionNote"; Value = "Re-released for DXP Platform."; VariantName = "[No Variations]"
Add component (AddParameter): Name = "PackageDescription"; Value = "Axial Device, Thru-Hole; 2 Leads; 0.4 in Pin Spacing"; VariantName = "[No Variations]"
Add component (AddParameter): Name = "PackageReference"; Value = "AXIAL-0.4"; VariantName = "[No Variations]"
Add component (AddParameter): Name = "Published"; Value = "8-Jun-2000"; VariantName = "[No Variations]"
Add component (AddParameter): Name = "Publisher"; Value = "Altium Limited"; VariantName = "[No Variations]"
Add component (AddParameter): Name = "Value"; Value = "10K"; VariantName = "[No Variations]"
Added Component: Designator=S1(DPST-4)
Add component (AddParameter): Name = "LatestRevisionDate"; Value = "17-Jul-2002"; VariantName = "[No Variations]"
Add component (AddParameter): Name = "LatestRevisionNote"; Value = "Re-released for DXP Platform."; VariantName = "[No Variations]"
Add component (AddParameter): Name = "PackageDescription"; Value = "Switch; 4 Leads"; VariantName = "[No Variations]"
Add component (AddParameter): Name = "PackageReference"; Value = "DPST-4"; VariantName = "[No Variations]"
Add component (AddParameter): Name = "Published"; Value = "24-Mar-1999"; VariantName = "[No Variations]"
Add component (AddParameter): Name = "Publisher"; Value = "Altium Limited"; VariantName = "[No Variations]"
Added Component: Designator=U1(PDIP40_600MC_MCH)
Add component (AddParameter): Name = "ComponentLink1Description"; Value = "Datasheet"; VariantName = "[No Variations]"
Add component (AddParameter): Name = "ComponentLink1URL"; Value = "http://ww1.microchip.com/downloads/en/DeviceDoc/39631E.pdf"; VariantName = "[No Variations]"
Add component (AddParameter): Name = "ComponentLink2Description"; Value = "Packaging Specification"; VariantName = "[No Variations]"
Add component (AddParameter): Name = "ComponentLink2URL"; Value = "http://www.microchip.com/stellent/groups/techpub_sg/documents/packagingspec/en012702.pdf"; VariantName = "[No Variations]"
Add component (AddParameter): Name = "ComponentLink3Description"; Value = "Microchip.com Home"; VariantName = "[No Variations]"
Add component (AddParameter): Name = "ComponentLink3URL"; Value = "http://www.microchip.com/"; VariantName = "[No Variations]"
Add component (AddParameter): Name = "DatasheetVersion"; Value = "revE, Oct-2008"; VariantName = "[No Variations]"
Add component (AddParameter): Name = "LatestRevisionDate"; Value = "02-Dec-2009"; VariantName = "[No Variations]"
Add component (AddParameter): Name = "LatestRevisionNote"; Value = "Updated to datasheet revision E, Oct-2008"; VariantName = "[No Variations]"
Add component (AddParameter): Name = "PackageDescription"; Value = "40-Lead Plastic Dual In-Line (P) - 600 mil Body [PDIP]"; VariantName = "[No Variations]"
Add component (AddParameter): Name = "PackageReference"; Value = "PDIP600-P40"; VariantName = "[No Variations]"
Add component (AddParameter): Name = "PackageVersion"; Value = "revBB, Aug-2009"; VariantName = "[No Variations]"
Add component (AddParameter): Name = "Published"; Value = "29-Jan-2009"; VariantName = "[No Variations]"
Add component (AddParameter): Name = "Publisher"; Value = "Altium Limited"; VariantName = "[No Variations]"
Add component (AddParameter): Name = "Supplier 1"; Value = "Digi-Key"; VariantName = "[No Variations]"
Add component (AddParameter): Name = "Supplier Part Number 1"; Value = "PIC18F4520-E/P-ND"; VariantName = "[No Variations]"
Added Component: Designator=U2(PowerDIP-16_STM)
Add component (AddParameter): Name = "ComponentLink1Description"; Value = "Manufacturer Link"; VariantName = "[No Variations]"
Add component (AddParameter): Name = "ComponentLink1URL"; Value = "http://www.st.com/"; VariantName = "[No Variations]"
Add component (AddParameter): Name = "ComponentLink2Description"; Value = "Datasheet"; VariantName = "[No Variations]"
Add component (AddParameter): Name = "ComponentLink2URL"; Value = "http://www.st.com/stonline/products/literature/ds/1330/l293d.pdf"; VariantName = "[No Variations]"
Add component (AddParameter): Name = "DatasheetVersion"; Value = "Jun-1996"; VariantName = "[No Variations]"
Add component (AddParameter): Name = "LatestRevisionDate"; Value = "06-Jun-2005"; VariantName = "[No Variations]"
Add component (AddParameter): Name = "LatestRevisionNote"; Value = "Stylized 3D Model Added."; VariantName = "[No Variations]"
Add component (AddParameter): Name = "PackageDescription"; Value = "DIP; 16 Leads; Row Spacing 7.62 mm; Pitch 2.54 mm"; VariantName = "[No Variations]"
Add component (AddParameter): Name = "PackageReference"; Value = "DIP16"; VariantName = "[No Variations]"
Add component (AddParameter): Name = "PackageVersion"; Value = "Apr-1996"; VariantName = "[No Variations]"
Add component (AddParameter): Name = "Published"; Value = "8-Jun-2000"; VariantName = "[No Variations]"
Add component (AddParameter): Name = "Publisher"; Value = "Altium Limited"; VariantName = "[No Variations]"
Added Component: Designator=VR1(VR)
Add component (AddParameter): Name = "Value"; Value = "VR 10K"; VariantName = "[No Variations]"
Added Component: Designator=X1(XT2)
Add component (AddParameter): Name = "Value"; Value = "4Mhz"; VariantName = "[No Variations]"
Added Pin To Net: NetName=GND Pin=C1-2
Added Pin To Net: NetName=GND Pin=C2-2
Added Pin To Net: NetName=GND Pin=C3-1
Added Pin To Net: NetName=GND Pin=LCD1-1
Added Pin To Net: NetName=GND Pin=LCD1-5
Added Pin To Net: NetName=GND Pin=P1-2
Added Pin To Net: NetName=GND Pin=P4-3
Added Pin To Net: NetName=GND Pin=P5-3
Added Pin To Net: NetName=GND Pin=P6-3
Added Pin To Net: NetName=GND Pin=P7-3
Added Pin To Net: NetName=GND Pin=S1-1
Added Pin To Net: NetName=GND Pin=U2-4
Added Pin To Net: NetName=GND Pin=U2-5
Added Pin To Net: NetName=GND Pin=U2-12
Added Pin To Net: NetName=GND Pin=U2-13
Added Pin To Net: NetName=GND Pin=VR1-3
Added Net: Name=GND
Added Pin To Net: NetName=IRSensor1 Pin=P4-2
Added Net: Name=IRSensor1
Added Pin To Net: NetName=IRSensor2 Pin=P5-2
Added Net: Name=IRSensor2
Added Pin To Net: NetName=IRSensor3 Pin=P6-2
Added Net: Name=IRSensor3
Added Pin To Net: NetName=IRSensor4 Pin=P7-2
Added Net: Name=IRSensor4
Added Pin To Net: NetName=NetLCD1_3 Pin=LCD1-3
Added Pin To Net: NetName=NetLCD1_3 Pin=VR1-2
Added Net: Name=NetLCD1_3
Added Pin To Net: NetName=OSC1 Pin=C2-1
Added Pin To Net: NetName=OSC1 Pin=X1-1
Added Net: Name=OSC1
Added Pin To Net: NetName=OSC2 Pin=C1-1
Added Pin To Net: NetName=OSC2 Pin=X1-2
Added Net: Name=OSC2
Added Pin To Net: NetName=Output1 Pin=P2-1
Added Net: Name=Output1
Added Pin To Net: NetName=Output2 Pin=P2-2
Added Net: Name=Output2
Added Pin To Net: NetName=Output3 Pin=P3-1
Added Net: Name=Output3
Added Pin To Net: NetName=Output4 Pin=P3-2
Added Net: Name=Output4
Added Pin To Net: NetName=RD0 Pin=LCD1-11
Added Net: Name=RD0
Added Pin To Net: NetName=RD1 Pin=LCD1-12
Added Net: Name=RD1
Added Pin To Net: NetName=RD2 Pin=LCD1-13
Added Net: Name=RD2
Added Pin To Net: NetName=RD3 Pin=LCD1-14
Added Net: Name=RD3
Added Pin To Net: NetName=RD4 Pin=LCD1-4
Added Net: Name=RD4
Added Pin To Net: NetName=RD5 Pin=LCD1-6
Added Net: Name=RD5
Added Pin To Net: NetName=Reset1 Pin=R1-1
Added Pin To Net: NetName=Reset1 Pin=S1-2
Added Net: Name=Reset1
Added Pin To Net: NetName=VDD1 Pin=C3-2
Added Pin To Net: NetName=VDD1 Pin=LCD1-2
Added Pin To Net: NetName=VDD1 Pin=P1-1
Added Pin To Net: NetName=VDD1 Pin=P4-1
Added Pin To Net: NetName=VDD1 Pin=P5-1
Added Pin To Net: NetName=VDD1 Pin=P6-1
Added Pin To Net: NetName=VDD1 Pin=P7-1
Added Pin To Net: NetName=VDD1 Pin=R1-2
Added Pin To Net: NetName=VDD1 Pin=U2-1
Added Pin To Net: NetName=VDD1 Pin=U2-8
Added Pin To Net: NetName=VDD1 Pin=U2-9
Added Pin To Net: NetName=VDD1 Pin=U2-16
Added Pin To Net: NetName=VDD1 Pin=VR1-1
Added Net: Name=VDD1
Added Class: Name=Follow Line Robot Controller Shematic
Added Room: Name=Follow Line Robot Controller Shematic
